ISim log file
Running: C:\Users\20102\Downloads\ProjectPhase1\ProjectPhase1\MainmoduleTestbench_isim_beh.exe -intstyle ise -gui -tclbatch isim.cmd -wdb C:/Users/20102/Downloads/ProjectPhase1/ProjectPhase1/MainmoduleTestbench_isim_beh.wdb 
ISim P.58f (signature 0x7708f090)
This is a Full version of ISim.
Time resolution is 1 ps
# onerror resume
# wave add /
# run 1000 ns
Simulator is doing circuit initialization process.
at 0 ps, Instance /mainmoduletestbench/uut/Imem1/ : Warning: There is an 'U'|'X'|'W'|'Z'|'-' in an arithmetic operand, the result will be 'X'(es).
at 0 ps, Instance /mainmoduletestbench/uut/Imem1/ : Warning: CONV_INTEGER: There is an 'U'|'X'|'W'|'Z'|'-' in an arithmetic operand, and it has been converted to 0.
at 0 ps, Instance /mainmoduletestbench/uut/Dmem1/ : Warning: CONV_INTEGER: There is an 'U'|'X'|'W'|'Z'|'-' in an arithmetic operand, and it has been converted to 0.
at 0 ps, Instance /mainmoduletestbench/uut/mips1/datapath1/alu1/ : Warning: There is an 'U'|'X'|'W'|'Z'|'-' in an arithmetic operand, the result will be 'X'(es).
Finished circuit initialization process.
at 0 ps, Instance /mainmoduletestbench/uut/Dmem1/ : Warning: CONV_INTEGER: There is an 'U'|'X'|'W'|'Z'|'-' in an arithmetic operand, and it has been converted to 0.
at 0 ps, Instance /mainmoduletestbench/uut/mips1/datapath1/alu1/ : Warning: There is an 'U'|'X'|'W'|'Z'|'-' in an arithmetic operand, the result will be 'X'(es).
at 0 ps, Instance /mainmoduletestbench/uut/mips1/datapath1/alu1/ : Warning: There is an 'U'|'X'|'W'|'Z'|'-' in an arithmetic operand, the result will be 'X'(es).
at 0 ps, Instance /mainmoduletestbench/uut/Dmem1/ : Warning: CONV_INTEGER: There is an 'U'|'X'|'W'|'Z'|'-' in an arithmetic operand, and it has been converted to 0.
at 80 ns(6), Instance /mainmoduletestbench/uut/mips1/datapath1/alu1/ : Warning: There is an 'U'|'X'|'W'|'Z'|'-' in an arithmetic operand, the result will be 'X'(es).
at 80 ns(12), Instance /mainmoduletestbench/uut/Dmem1/ : Warning: CONV_INTEGER: There is an 'U'|'X'|'W'|'Z'|'-' in an arithmetic operand, and it has been converted to 0.
at 100 ns(6), Instance /mainmoduletestbench/uut/mips1/datapath1/alu1/ : Warning: There is an 'U'|'X'|'W'|'Z'|'-' in an arithmetic operand, the result will be 'X'(es).
at 100 ns(7), Instance /mainmoduletestbench/uut/mips1/datapath1/alu1/ : Warning: There is an 'U'|'X'|'W'|'Z'|'-' in an arithmetic operand, the result will be 'X'(es).
at 100 ns(12), Instance /mainmoduletestbench/uut/Dmem1/ : Warning: CONV_INTEGER: There is an 'U'|'X'|'W'|'Z'|'-' in an arithmetic operand, and it has been converted to 0.
at 140 ns(6), Instance /mainmoduletestbench/uut/mips1/datapath1/alu1/ : Warning: There is an 'U'|'X'|'W'|'Z'|'-' in an arithmetic operand, the result will be 'X'(es).
at 140 ns(7), Instance /mainmoduletestbench/uut/mips1/datapath1/alu1/ : Warning: There is an 'U'|'X'|'W'|'Z'|'-' in an arithmetic operand, the result will be 'X'(es).
at 140 ns(12), Instance /mainmoduletestbench/uut/Dmem1/ : Warning: CONV_INTEGER: There is an 'U'|'X'|'W'|'Z'|'-' in an arithmetic operand, and it has been converted to 0.

** Failure:NO ERRORS: Simulation succeeded
User(VHDL) Code Called Simulation Stop
In process MainmoduleTestbench.vhd:63 
 
INFO: Simulator is stopped.
